2026-06-26 09:02:16,633 - ERROR - Expected 1 .states file for isotopologue 27Al-1H__AloHa.states.bz2, found 0
2026-06-26 09:15:49,085 - INFO - Starting def_creator: work_dir='./samples/AloHa', ds_name='AloHa', options=[]
2026-06-26 09:15:49,085 - DEBUG - Template path: '/home/tcorey/Desktop/workspace/def_creator/def_templates/exomol.json'
2026-06-26 09:15:49,085 - INFO - Step: verify_files
2026-06-26 09:15:49,085 - INFO - verify_files: verifying file structure in './samples/AloHa'
2026-06-26 09:15:49,085 - INFO - verify_files: checking isotopologue '27Al-1H__AloHa.states.bz2'
2026-06-26 09:15:49,085 - DEBUG - verify_files: '27Al-1H__AloHa.states.bz2' file counts before decompression: bz2=0, states=0, trans=0, pf=0
2026-06-26 09:15:49,085 - DEBUG - verify_files: '27Al-1H__AloHa.states.bz2' final counts: states=0, trans=0, pf=0
2026-06-26 09:15:49,085 - ERROR - verify_files: expected 1 .states file for '27Al-1H__AloHa.states.bz2', found 0
2026-06-26 09:20:46,750 - INFO - Starting def_creator: work_dir='./samples/AloHa', ds_name='AloHa', options=[]
2026-06-26 09:20:46,750 - DEBUG - Template path: '/home/tcorey/Desktop/workspace/def_creator/def_templates/exomol.json'
2026-06-26 09:20:46,750 - INFO - Step: verify_files
2026-06-26 09:20:46,751 - INFO - verify_files: verifying file structure in './samples/AloHa'
2026-06-26 09:20:46,751 - INFO - verify_files: checking isotopologue '27Al-1H'
2026-06-26 09:20:46,751 - DEBUG - verify_files: '27Al-1H' file counts before decompression: bz2=2, states=0, trans=0, pf=1
2026-06-26 09:20:46,751 - DEBUG - verify_files: decompressing './samples/AloHa/27Al-1H/27Al-1H__AloHa.states.bz2' for validation
2026-06-26 09:21:51,078 - INFO - Starting def_creator: work_dir='./samples/AloHa', ds_name='AloHa', options=[]
2026-06-26 09:21:51,078 - DEBUG - Template path: '/home/tcorey/Desktop/workspace/def_creator/def_templates/exomol.json'
2026-06-26 09:21:51,079 - INFO - Step: verify_files
2026-06-26 09:21:51,079 - INFO - verify_files: verifying file structure in './samples/AloHa'
2026-06-26 09:21:51,079 - INFO - verify_files: checking isotopologue '27Al-1H'
2026-06-26 09:21:51,079 - DEBUG - verify_files: '27Al-1H' file counts before decompression: bz2=2, states=0, trans=0, pf=1
2026-06-26 09:21:51,079 - DEBUG - verify_files: decompressing './samples/AloHa/27Al-1H/27Al-1H__AloHa.states.bz2' for validation
2026-06-26 09:29:48,978 - INFO - Starting def_creator: work_dir='./samples/AloHa', ds_name='AloHa', options=[]
2026-06-26 09:29:48,978 - DEBUG - Template path: '/home/tcorey/Desktop/workspace/def_creator/def_templates/exomol.json'
2026-06-26 09:29:48,978 - INFO - Step: verify_files
2026-06-26 09:29:48,978 - INFO - verify_files: verifying file structure in './samples/AloHa'
2026-06-26 09:29:48,978 - INFO - verify_files: checking isotopologue '27Al-1H'
2026-06-26 09:29:48,978 - DEBUG - verify_files: '27Al-1H' file counts before decompression: bz2=2, states=0, trans=0, pf=1
2026-06-26 09:29:48,978 - DEBUG - verify_files: decompressing '27Al-1H__AloHa.states.bz2' for validation
2026-06-26 09:29:48,981 - DEBUG - verify_files: registered decompressed file './samples/AloHa/27Al-1H/27Al-1H__AloHa.states' as .states
2026-06-26 09:29:48,981 - DEBUG - verify_files: decompressing '27Al-1H__AloHa.trans.bz2' for validation
2026-06-26 09:29:49,010 - DEBUG - verify_files: registered decompressed file './samples/AloHa/27Al-1H/27Al-1H__AloHa.trans' as .trans
2026-06-26 09:29:49,010 - DEBUG - verify_files: '27Al-1H' final counts: states=1, trans=1, pf=1
2026-06-26 09:29:49,010 - DEBUG - verify_files: spot-checking .states file '27Al-1H__AloHa.states'
2026-06-26 09:29:49,013 - DEBUG - verify_files: './samples/AloHa/27Al-1H/27Al-1H__AloHa.states' OK (16 columns)
2026-06-26 09:29:49,013 - DEBUG - verify_files: spot-checking .trans file '27Al-1H__AloHa.trans'
2026-06-26 09:29:49,013 - DEBUG - verify_files: './samples/AloHa/27Al-1H/27Al-1H__AloHa.trans' OK (3 columns)
2026-06-26 09:29:49,014 - INFO - verify_files: '27Al-1H' passed verification
2026-06-26 09:29:49,014 - INFO - Mode: standard (no --init)
2026-06-26 09:29:49,014 - INFO - Step: verify_input
2026-06-26 09:29:49,014 - INFO - Step: log_common_info
2026-06-26 09:29:49,014 - INFO - log_common_info: writing shared dataset fields to all def.json files in './samples/AloHa'
